<?xml version="1.0" encoding="UTF-8"?>
<!-- Generated by org.testng.reporters.JUnitXMLReporter -->
<testsuite hostname="DESKTOP-QRB56CU" name="Test" tests="24" failures="0" timestamp="5 Jan 2023 03:30:14 GMT" time="3.6" errors="0">
  <testcase name="getContentType2" time="0.026" classname="swaggerAPI.ResponseGET_Validation"/>
  <testcase name="getServerType3" time="0.001" classname="swaggerAPI.ResponseGET_Validation"/>
  <testcase name="getContentEncoding4" time="0.001" classname="swaggerAPI.ResponseGET_Validation"/>
  <testcase name="getAllHeaders5" time="0.001" classname="swaggerAPI.ResponseGET_Validation"/>
  <testcase name="getResponseTime6" time="0.002" classname="swaggerAPI.ResponseGET_Validation"/>
  <testcase name="getStatusLine7" time="0.0" classname="swaggerAPI.ResponseGET_Validation"/>
  <testcase name="getStatusCode8" time="0.002" classname="swaggerAPI.ResponseGET_Validation"/>
  <testcase name="getContentType10" time="0.0" classname="swaggerAPI.ResponsePOST_validation"/>
  <testcase name="getServerType11" time="0.0" classname="swaggerAPI.ResponsePOST_validation"/>
  <testcase name="getContentEncoding12" time="0.0" classname="swaggerAPI.ResponsePOST_validation"/>
  <testcase name="getAllHeaders13" time="0.0" classname="swaggerAPI.ResponsePOST_validation"/>
  <testcase name="getResponseTime14" time="0.0" classname="swaggerAPI.ResponsePOST_validation"/>
  <testcase name="getStatusLine15" time="0.001" classname="swaggerAPI.ResponsePOST_validation"/>
  <testcase name="getStatusCode16" time="0.0" classname="swaggerAPI.ResponsePOST_validation"/>
  <testcase name="getResponseBody17" time="0.047" classname="swaggerAPI.ResponsePOST_validation"/>
  <testcase name="getContentType18" time="0.009" classname="swaggerAPI.ResponsePUT_validation"/>
  <testcase name="getServerType19" time="0.002" classname="swaggerAPI.ResponsePUT_validation"/>
  <testcase name="getContentEncoding20" time="0.001" classname="swaggerAPI.ResponsePUT_validation"/>
  <testcase name="getAllHeaders21" time="0.0" classname="swaggerAPI.ResponsePUT_validation"/>
  <testcase name="getResponseTime22" time="0.0" classname="swaggerAPI.ResponsePUT_validation"/>
  <testcase name="getStatusLine23" time="0.0" classname="swaggerAPI.ResponsePUT_validation"/>
  <testcase name="getStatusCode24" time="0.002" classname="swaggerAPI.ResponsePUT_validation"/>
  <testcase name="getResponseBody25" time="0.004" classname="swaggerAPI.ResponsePUT_validation"/>
  <testcase name="deleteMethod26" time="0.302" classname="swaggerAPI.ResponsePUT_validation"/>
</testsuite> <!-- Test -->
