<?xml version="1.0" encoding="UTF-8"?>
<testng-results skipped="0" failed="0" total="1" passed="1">
  <reporter-output>
  </reporter-output>
  <suite name="Default suite" duration-ms="4465" started-at="2023-06-03T16:22:19Z" finished-at="2023-06-03T16:22:24Z">
    <groups>
    </groups>
    <test name="Default test" duration-ms="4465" started-at="2023-06-03T16:22:19Z" finished-at="2023-06-03T16:22:24Z">
      <class name="listenerPack.Facebook">
        <test-method status="PASS" signature="createAccount()[pri:0, instance:listenerPack.Facebook@2096442d]" name="createAccount" duration-ms="4457" started-at="2023-06-03T12:22:19Z" finished-at="2023-06-03T12:22:24Z">
          <reporter-output>
          </reporter-output>
        </test-method> <!-- createAccount -->
      </class> <!-- listenerPack.Facebook -->
    </test> <!-- Default test -->
  </suite> <!-- Default suite -->
</testng-results>
