<?xml version="1.0" encoding="UTF-8"?>
<testng-results skipped="0" failed="0" total="1" passed="1">
  <reporter-output>
  </reporter-output>
  <suite name="Default suite" duration-ms="2377" started-at="2023-06-03T00:15:41Z" finished-at="2023-06-03T00:15:43Z">
    <groups>
    </groups>
    <test name="Default test" duration-ms="2377" started-at="2023-06-03T00:15:41Z" finished-at="2023-06-03T00:15:43Z">
      <class name="complex_json_POST.Test_complex_json">
        <test-method status="PASS" signature="executeTest()[pri:0, instance:complex_json_POST.Test_complex_json@3fb6a447]" name="executeTest" duration-ms="2363" started-at="2023-06-02T20:15:41Z" finished-at="2023-06-02T20:15:43Z">
          <reporter-output>
          </reporter-output>
        </test-method> <!-- executeTest -->
      </class> <!-- complex_json_POST.Test_complex_json -->
    </test> <!-- Default test -->
  </suite> <!-- Default suite -->
</testng-results>
